<200> May 25 13:59:49 sqlExecution INFO: Start writing the log file []
<200> May 25 13:59:49 sqlExecution INFO: Sql Execution {"ip":"::1","workspace":"workflow","timeZone":"2020-05-25 13:05:49","usrUid":"Undefined user","action":"execute-query","sql":"delete from `ea_test` where  `ea_test`.`id` = '21'"}
<200> May 25 14:31:23 sqlExecution INFO: Sql Execution {"ip":"::1","workspace":"workflow","timeZone":"2020-05-25 14:05:23","usrUid":"Undefined user","action":"execute-query","sql":"SELECT * FROM USERS WHERE USR_UID='USER_LOGGED'"}
<200> May 25 14:32:00 sqlExecution INFO: Sql Execution {"ip":"::1","workspace":"workflow","timeZone":"2020-05-25 14:05:00","usrUid":"Undefined user","action":"execute-query","sql":"SELECT * FROM USERS WHERE USR_UID='USER_LOGGED'"}
<200> May 25 14:32:01 sqlExecution INFO: Sql Execution {"ip":"::1","workspace":"workflow","timeZone":"2020-05-25 14:05:01","usrUid":"Undefined user","action":"execute-query","sql":"SELECT * FROM USERS WHERE USR_UID='USER_LOGGED'"}
<200> May 25 14:32:02 sqlExecution INFO: Sql Execution {"ip":"::1","workspace":"workflow","timeZone":"2020-05-25 14:05:02","usrUid":"Undefined user","action":"execute-query","sql":"SELECT * FROM USERS WHERE USR_UID='USER_LOGGED'"}
<200> May 25 14:32:06 sqlExecution INFO: Sql Execution {"ip":"::1","workspace":"workflow","timeZone":"2020-05-25 14:05:06","usrUid":"Undefined user","action":"execute-query","sql":"SELECT * FROM USERS WHERE USR_UID='USER_LOGGED'"}
<200> May 25 14:33:30 sqlExecution INFO: Sql Execution {"ip":"::1","workspace":"workflow","timeZone":"2020-05-25 14:05:30","usrUid":"Undefined user","action":"execute-query","sql":"SELECT * FROM USERS WHERE USR_UID='USER_LOGGED'"}
<200> May 25 14:34:59 sqlExecution INFO: Sql Execution {"ip":"::1","workspace":"workflow","timeZone":"2020-05-25 14:05:59","usrUid":"Undefined user","action":"execute-query","sql":"SELECT * FROM USERS WHERE USR_UID='USER_LOGGED'"}
<200> May 25 14:35:09 sqlExecution INFO: Sql Execution {"ip":"::1","workspace":"workflow","timeZone":"2020-05-25 14:05:09","usrUid":"Undefined user","action":"execute-query","sql":"SELECT * FROM USERS WHERE USR_UID='USER_LOGGED'"}
<200> May 25 16:12:51 sqlExecution INFO: Sql Execution {"ip":"::1","workspace":"workflow","timeZone":"2020-05-25 16:05:51","usrUid":"Undefined user","action":"execute-query","sql":"SELECT * FROM `ea_test`"}
<200> May 25 16:13:09 sqlExecution INFO: Sql Execution {"ip":"::1","workspace":"workflow","timeZone":"2020-05-25 16:05:09","usrUid":"Undefined user","action":"execute-query","sql":"SELECT * FROM `ea_test`"}
<200> May 25 16:13:35 sqlExecution INFO: Sql Execution {"ip":"::1","workspace":"workflow","timeZone":"2020-05-25 16:05:35","usrUid":"Undefined user","action":"execute-query","sql":"SELECT * FROM `ea_test`"}
<200> May 25 16:14:46 sqlExecution INFO: Sql Execution {"ip":"::1","workspace":"workflow","timeZone":"2020-05-25 16:05:46","usrUid":"Undefined user","action":"execute-query","sql":"SELECT * FROM `ea_test`"}
<200> May 25 16:14:48 sqlExecution INFO: Sql Execution {"ip":"::1","workspace":"workflow","timeZone":"2020-05-25 16:05:48","usrUid":"Undefined user","action":"execute-query","sql":"SELECT * FROM `ea_test`"}
<200> May 25 16:14:49 sqlExecution INFO: Sql Execution {"ip":"::1","workspace":"workflow","timeZone":"2020-05-25 16:05:49","usrUid":"Undefined user","action":"execute-query","sql":"SELECT * FROM `ea_test`"}
<200> May 25 16:16:58 sqlExecution INFO: Sql Execution {"ip":"::1","workspace":"workflow","timeZone":"2020-05-25 16:05:58","usrUid":"Undefined user","action":"execute-query","sql":"SELECT * FROM `ea_test`"}
<200> May 25 16:19:36 sqlExecution INFO: Sql Execution {"ip":"::1","workspace":"workflow","timeZone":"2020-05-25 16:05:36","usrUid":"Undefined user","action":"execute-query","sql":"SELECT * FROM `ea_test`"}
<200> May 25 16:25:22 sqlExecution INFO: Sql Execution {"ip":"::1","workspace":"workflow","timeZone":"2020-05-25 16:05:22","usrUid":"Undefined user","action":"execute-query","sql":"INSERT INTO `ea_test` (`id`, `name` ,  `family`, `age` ) VALUES (NULL,  'amirali' , 'daviran' , '40' )"}
<200> May 25 16:26:31 sqlExecution INFO: Sql Execution {"ip":"::1","workspace":"workflow","timeZone":"2020-05-25 16:05:31","usrUid":"Undefined user","action":"execute-query","sql":"SELECT * FROM `ea_test`"}
<200> May 25 16:26:50 sqlExecution INFO: Sql Execution {"ip":"::1","workspace":"workflow","timeZone":"2020-05-25 16:05:50","usrUid":"Undefined user","action":"execute-query","sql":"SELECT * FROM `ea_test`"}
<200> May 25 16:30:13 sqlExecution INFO: Sql Execution {"ip":"::1","workspace":"workflow","timeZone":"2020-05-25 16:05:13","usrUid":"Undefined user","action":"execute-query","sql":"INSERT INTO `ea_test` (`id`, `name` ,  `family`, `age` ) VALUES (NULL,  'amirali' , 'daviran' , '40' )"}
<200> May 25 16:31:41 sqlExecution INFO: Sql Execution {"ip":"::1","workspace":"workflow","timeZone":"2020-05-25 16:05:41","usrUid":"Undefined user","action":"execute-query","sql":"delete from `ea_test` where  `ea_test`.`id` = '23'"}
<200> May 25 16:32:48 sqlExecution INFO: Sql Execution {"ip":"::1","workspace":"workflow","timeZone":"2020-05-25 16:05:48","usrUid":"Undefined user","action":"execute-query","sql":"delete from `ea_test` where  `ea_test`.`id` = '22'"}
<200> May 25 16:41:43 sqlExecution INFO: Sql Execution {"ip":"::1","workspace":"workflow","timeZone":"2020-05-25 16:05:43","usrUid":"Undefined user","action":"execute-query","sql":"SELECT * FROM USERS WHERE USR_UID='USER_LOGGED'"}
<200> May 25 16:42:04 sqlExecution INFO: Sql Execution {"ip":"::1","workspace":"workflow","timeZone":"2020-05-25 16:05:04","usrUid":"Undefined user","action":"execute-query","sql":"SELECT * FROM USERS WHERE USR_UID='USER_LOGGED'"}
<200> May 25 16:42:04 sqlExecution INFO: Sql Execution {"ip":"::1","workspace":"workflow","timeZone":"2020-05-25 16:05:04","usrUid":"Undefined user","action":"execute-query","sql":"SELECT * FROM USERS WHERE USR_UID='USER_LOGGED'"}
<200> May 25 16:42:05 sqlExecution INFO: Sql Execution {"ip":"::1","workspace":"workflow","timeZone":"2020-05-25 16:05:05","usrUid":"Undefined user","action":"execute-query","sql":"SELECT * FROM USERS WHERE USR_UID='USER_LOGGED'"}
<200> May 25 16:42:06 sqlExecution INFO: Sql Execution {"ip":"::1","workspace":"workflow","timeZone":"2020-05-25 16:05:06","usrUid":"Undefined user","action":"execute-query","sql":"SELECT * FROM USERS WHERE USR_UID='USER_LOGGED'"}
<200> May 25 16:42:31 sqlExecution INFO: Sql Execution {"ip":"::1","workspace":"workflow","timeZone":"2020-05-25 16:05:31","usrUid":"Undefined user","action":"execute-query","sql":"SELECT * FROM USERS WHERE USR_UID='USER_LOGGED'"}
<200> May 25 16:42:33 sqlExecution INFO: Sql Execution {"ip":"::1","workspace":"workflow","timeZone":"2020-05-25 16:05:33","usrUid":"Undefined user","action":"execute-query","sql":"SELECT * FROM USERS WHERE USR_UID='USER_LOGGED'"}
<200> May 25 16:57:41 sqlExecution INFO: Sql Execution {"ip":"::1","workspace":"workflow","timeZone":"2020-05-25 16:05:41","usrUid":"Undefined user","action":"execute-query","sql":"SELECT * FROM USERS WHERE USR_UID='USER_LOGGED'"}
<200> May 25 16:58:35 sqlExecution INFO: Sql Execution {"ip":"::1","workspace":"workflow","timeZone":"2020-05-25 16:05:35","usrUid":"Undefined user","action":"execute-query","sql":"SELECT * FROM USERS WHERE USR_UID='USER_LOGGED'"}
<200> May 25 16:58:37 sqlExecution INFO: Sql Execution {"ip":"::1","workspace":"workflow","timeZone":"2020-05-25 16:05:37","usrUid":"Undefined user","action":"execute-query","sql":"SELECT * FROM USERS WHERE USR_UID='USER_LOGGED'"}
<200> May 25 16:59:41 sqlExecution INFO: Sql Execution {"ip":"::1","workspace":"workflow","timeZone":"2020-05-25 16:05:41","usrUid":"Undefined user","action":"execute-query","sql":"SELECT * FROM USERS WHERE USR_UID='USER_LOGGED'"}
<200> May 25 16:59:42 sqlExecution INFO: Sql Execution {"ip":"::1","workspace":"workflow","timeZone":"2020-05-25 16:05:42","usrUid":"Undefined user","action":"execute-query","sql":"SELECT * FROM USERS WHERE USR_UID='USER_LOGGED'"}
<200> May 25 16:59:43 sqlExecution INFO: Sql Execution {"ip":"::1","workspace":"workflow","timeZone":"2020-05-25 16:05:43","usrUid":"Undefined user","action":"execute-query","sql":"SELECT * FROM USERS WHERE USR_UID='USER_LOGGED'"}
<200> May 25 17:01:07 sqlExecution INFO: Sql Execution {"ip":"::1","workspace":"workflow","timeZone":"2020-05-25 17:05:07","usrUid":"Undefined user","action":"execute-query","sql":"SELECT * FROM USERS WHERE USR_UID=''"}
<200> May 25 17:01:30 sqlExecution INFO: Sql Execution {"ip":"::1","workspace":"workflow","timeZone":"2020-05-25 17:05:30","usrUid":"Undefined user","action":"execute-query","sql":"SELECT * FROM USERS WHERE USR_UID=''"}
<200> May 25 17:01:33 sqlExecution INFO: Sql Execution {"ip":"::1","workspace":"workflow","timeZone":"2020-05-25 17:05:33","usrUid":"Undefined user","action":"execute-query","sql":"SELECT * FROM USERS WHERE USR_UID=''"}
<200> May 25 17:01:40 sqlExecution INFO: Sql Execution {"ip":"::1","workspace":"workflow","timeZone":"2020-05-25 17:05:40","usrUid":"Undefined user","action":"execute-query","sql":"SELECT * FROM USERS WHERE USR_UID=''"}
<200> May 25 17:01:51 sqlExecution INFO: Sql Execution {"ip":"::1","workspace":"workflow","timeZone":"2020-05-25 17:05:51","usrUid":"Undefined user","action":"execute-query","sql":"SELECT * FROM USERS WHERE USR_UID=''"}
<200> May 25 17:01:52 sqlExecution INFO: Sql Execution {"ip":"::1","workspace":"workflow","timeZone":"2020-05-25 17:05:52","usrUid":"Undefined user","action":"execute-query","sql":"SELECT * FROM USERS WHERE USR_UID=''"}
